<?xml version="1.0" encoding="UTF-8"?>
<testng-results ignored="0" total="3" passed="3" failed="0" skipped="0">
  <reporter-output>
  </reporter-output>
  <suite started-at="2021-10-12T10:04:37 IST" name="Default suite" finished-at="2021-10-12T10:06:31 IST" duration-ms="114247">
    <groups>
      <group name="cucumber">
        <method signature="AbstractTestNGCucumberTests.runScenario(io.cucumber.testng.PickleWrapper,io.cucumber.testng.FeatureWrapper)[pri:0, instance:MyRunner.LoginRunner@12aba8be]" name="runScenario" class="io.cucumber.testng.AbstractTestNGCucumberTests"/>
      </group> <!-- cucumber -->
    </groups>
    <test started-at="2021-10-12T10:04:37 IST" name="Default test" finished-at="2021-10-12T10:06:31 IST" duration-ms="114247">
      <class name="MyRunner.LoginRunner">
        <test-method is-config="true" signature="setUpClass()[pri:0, instance:MyRunner.LoginRunner@12aba8be]" started-at="2021-10-12T10:04:37 IST" name="setUpClass" finished-at="2021-10-12T10:04:38 IST" duration-ms="930" status="PASS">
          <reporter-output>
          </reporter-output>
        </test-method> <!-- setUpClass -->
        <test-method signature="runScenario(io.cucumber.testng.PickleWrapper,io.cucumber.testng.FeatureWrapper)[pri:0, instance:MyRunner.LoginRunner@12aba8be]" started-at="2021-10-12T10:04:38 IST" name="runScenario" description="Runs Cucumber Scenarios" data-provider="scenarios" finished-at="2021-10-12T10:05:05 IST" duration-ms="27231" status="PASS">
          <params>
            <param index="0">
              <value>
                <![CDATA["Test Popularity button is working"]]>
              </value>
            </param>
            <param index="1">
              <value>
                <![CDATA["Optional[BigBasket Deals]"]]>
              </value>
            </param>
          </params>
          <reporter-output>
          </reporter-output>
        </test-method> <!-- runScenario -->
        <test-method signature="runScenario(io.cucumber.testng.PickleWrapper,io.cucumber.testng.FeatureWrapper)[pri:0, instance:MyRunner.LoginRunner@12aba8be]" started-at="2021-10-12T10:05:05 IST" name="runScenario" description="Runs Cucumber Scenarios" data-provider="scenarios" finished-at="2021-10-12T10:05:54 IST" duration-ms="48458" status="PASS">
          <params>
            <param index="0">
              <value>
                <![CDATA["Test Price(low-high) button is working"]]>
              </value>
            </param>
            <param index="1">
              <value>
                <![CDATA["Optional[BigBasket Deals]"]]>
              </value>
            </param>
          </params>
          <reporter-output>
          </reporter-output>
        </test-method> <!-- runScenario -->
        <test-method signature="runScenario(io.cucumber.testng.PickleWrapper,io.cucumber.testng.FeatureWrapper)[pri:0, instance:MyRunner.LoginRunner@12aba8be]" started-at="2021-10-12T10:05:54 IST" name="runScenario" description="Runs Cucumber Scenarios" data-provider="scenarios" finished-at="2021-10-12T10:06:31 IST" duration-ms="37077" status="PASS">
          <params>
            <param index="0">
              <value>
                <![CDATA["Test Alphabetically button is working"]]>
              </value>
            </param>
            <param index="1">
              <value>
                <![CDATA["Optional[BigBasket Deals]"]]>
              </value>
            </param>
          </params>
          <reporter-output>
          </reporter-output>
        </test-method> <!-- runScenario -->
        <test-method is-config="true" signature="tearDownClass()[pri:0, instance:MyRunner.LoginRunner@12aba8be]" started-at="2021-10-12T10:06:31 IST" name="tearDownClass" finished-at="2021-10-12T10:06:31 IST" duration-ms="492" status="PASS">
          <reporter-output>
          </reporter-output>
        </test-method> <!-- tearDownClass -->
      </class> <!-- MyRunner.LoginRunner -->
    </test> <!-- Default test -->
  </suite> <!-- Default suite -->
</testng-results>
